#
# There is insufficient memory for the Java Runtime Environment to continue.
# Native memory allocation (malloc) failed to allocate 42991616 bytes for committing reserved memory.
# Possible reasons:
#   The system is out of physical RAM or swap space
#   In 32 bit mode, the process size limit was hit
# Possible solutions:
#   Reduce memory load on the system
#   Increase physical memory or swap space
#   Check if swap backing store is full
#   Use 64 bit Java on a 64 bit OS
#   Decrease Java heap size (-Xmx/-Xms)
#   Decrease number of Java threads
#   Decrease Java thread stack sizes (-Xss)
#   Set larger code cache with -XX:ReservedCodeCacheSize=
# This output file may be truncated or incomplete.
#
#  Out of Memory Error (os_linux.cpp:2827), pid=19560, tid=139840181982976
#
# JRE version: OpenJDK Runtime Environment (7.0_95) (build 1.7.0_95-b00)
# Java VM: OpenJDK 64-Bit Server VM (24.95-b01 mixed mode linux-amd64 compressed oops)
# Derivative: IcedTea 2.6.4
# Distribution: Ubuntu 14.04 LTS, package 7u95-2.6.4-0ubuntu0.14.04.2
# Failed to write core dump. Core dumps have been disabled. To enable core dumping, try "ulimit -c unlimited" before starting Java again
#

---------------  T H R E A D  ---------------

Current thread (0x00007f2f18076000):  VMThread [stack: 0x00007f2f144f5000,0x00007f2f145f6000] [id=19586]

Stack: [0x00007f2f144f5000,0x00007f2f145f6000],  sp=0x00007f2f145f4490,  free space=1021k
Native frames: (J=compiled Java code, j=interpreted, Vv=VM code, C=native code)
V  [libjvm.so+0x953e15]
V  [libjvm.so+0x48fd94]
V  [libjvm.so+0x7cf87b]
V  [libjvm.so+0x7ca33f]
V  [libjvm.so+0x83dacb]
V  [libjvm.so+0x83e930]
V  [libjvm.so+0x83f01b]
V  [libjvm.so+0x83b258]
V  [libjvm.so+0x83bac8]
V  [libjvm.so+0x7f2083]
V  [libjvm.so+0x955814]
V  [libjvm.so+0x959917]
V  [libjvm.so+0x9583d8]
V  [libjvm.so+0x958839]
V  [libjvm.so+0x958c82]
V  [libjvm.so+0x7cc742]

VM_Operation (0x00007f2ee79bbf00): ParallelGCFailedAllocation, mode: safepoint, requested by thread 0x00007f2f181b3800


---------------  P R O C E S S  ---------------

Java Threads: ( => current thread )
  0x00007f2f181b3800 JavaThread "pool-2-thread-4" [_thread_blocked, id=19633, stack(0x00007f2ee78bd000,0x00007f2ee79be000)]
  0x00007f2f181b2000 JavaThread "pool-2-thread-3" [_thread_blocked, id=19632, stack(0x00007f2ee79be000,0x00007f2ee7abf000)]
  0x00007f2f181b1000 JavaThread "pool-2-thread-2" [_thread_blocked, id=19631, stack(0x00007f2ee7abf000,0x00007f2ee7bc0000)]
  0x00007f2f181ae800 JavaThread "pool-3-thread-1" [_thread_blocked, id=19630, stack(0x00007f2ee7bc0000,0x00007f2ee7cc1000)]
  0x00007f2f181ac800 JavaThread "pool-2-thread-1" [_thread_blocked, id=19629, stack(0x00007f2ee7cc1000,0x00007f2ee7dc2000)]
  0x00007f2f180ae800 JavaThread "Service Thread" daemon [_thread_blocked, id=19611, stack(0x00007f2f0d6cc000,0x00007f2f0d7cd000)]
  0x00007f2f180ac800 JavaThread "C2 CompilerThread1" daemon [_thread_blocked, id=19609, stack(0x00007f2f0d7cd000,0x00007f2f0d8ce000)]
  0x00007f2f180a9800 JavaThread "C2 CompilerThread0" daemon [_thread_blocked, id=19608, stack(0x00007f2f0d8ce000,0x00007f2f0d9cf000)]
  0x00007f2f180a7800 JavaThread "Signal Dispatcher" daemon [_thread_blocked, id=19607, stack(0x00007f2f0d9cf000,0x00007f2f0dad0000)]
  0x00007f2f1807c000 JavaThread "Finalizer" daemon [_thread_blocked, id=19594, stack(0x00007f2f142f3000,0x00007f2f143f4000)]
  0x00007f2f1807a000 JavaThread "Reference Handler" daemon [_thread_blocked, id=19591, stack(0x00007f2f143f4000,0x00007f2f144f5000)]
  0x00007f2f1800a800 JavaThread "main" [_thread_blocked, id=19567, stack(0x00007f2f206fc000,0x00007f2f207fd000)]

Other Threads:
=>0x00007f2f18076000 VMThread [stack: 0x00007f2f144f5000,0x00007f2f145f6000] [id=19586]
  0x00007f2f180b9800 WatcherThread [stack: 0x00007f2f0d5cb000,0x00007f2f0d6cc000] [id=19613]

VM state:at safepoint (normal execution)

VM Mutex/Monitor currently owned by a thread:  ([mutex/lock_event])
[0x00007f2f18006ae0] Threads_lock - owner thread: 0x00007f2f18076000
[0x00007f2f18006fe0] Heap_lock - owner thread: 0x00007f2f181b3800

Heap
 PSYoungGen      total 33280K, used 2558K [0x00000000eaa80000, 0x00000000ecd80000, 0x0000000100000000)
  eden space 30720K, 0% used [0x00000000eaa80000,0x00000000eaa80000,0x00000000ec880000)
  from space 2560K, 99% used [0x00000000ec880000,0x00000000ecaff8e0,0x00000000ecb00000)
  to   space 2560K, 0% used [0x00000000ecb00000,0x00000000ecb00000,0x00000000ecd80000)
 ParOldGen       total 40960K, used 12229K [0x00000000c0000000, 0x00000000c2800000, 0x00000000eaa80000)
  object space 40960K, 29% used [0x00000000c0000000,0x00000000c0bf1520,0x00000000c2800000)
 PSPermGen       total 21504K, used 6202K [0x00000000b5a00000, 0x00000000b6f00000, 0x00000000c0000000)
  object space 21504K, 28% used [0x00000000b5a00000,0x00000000b600ea30,0x00000000b6f00000)

Card table byte_map: [0x00007f2f1d0e7000,0x00007f2f1d33b000] byte_map_base: 0x00007f2f1cb3a000

Polling page: 0x00007f2f20824000

Code Cache  [0x00007f2f15000000, 0x00007f2f15270000, 0x00007f2f18000000)
 total_blobs=489 nmethods=257 adapters=184 free_code_cache=48076Kb largest_free_block=49198464

Compilation events (10 events):
Event: 10,622 Thread 0x00007f2f180ac800 nmethod 255 0x00007f2f150ef150 code [0x00007f2f150ef2c0, 0x00007f2f150ef678]
Event: 10,622 Thread 0x00007f2f180ac800  256             com.android.dx.rop.cst.CstNat::getName (5 bytes)
Event: 10,622 Thread 0x00007f2f180ac800 nmethod 256 0x00007f2f15103a90 code [0x00007f2f15103bc0, 0x00007f2f15103c18]
Event: 10,622 Thread 0x00007f2f180ac800  257             com.android.dx.rop.cst.CstMemberRef::compareTo0 (49 bytes)
Event: 10,626 Thread 0x00007f2f180ac800 nmethod 257 0x00007f2f150fb850 code [0x00007f2f150fb9c0, 0x00007f2f150fbcf8]
Event: 10,626 Thread 0x00007f2f180ac800  258             com.android.dx.ssa.SCCP::simulateBlock (54 bytes)
Event: 11,377 Thread 0x00007f2f180ac800 nmethod 258 0x00007f2f1510a150 code [0x00007f2f1510a6e0, 0x00007f2f1510d4d8]
Event: 11,377 Thread 0x00007f2f180ac800  259             com.android.dx.rop.code.BasicBlockList::forEachInsn (39 bytes)
Event: 11,381 Thread 0x00007f2f180ac800 nmethod 259 0x00007f2f150fb010 code [0x00007f2f150fb180, 0x00007f2f150fb438]
Event: 11,381 Thread 0x00007f2f180ac800  260             com.android.dx.ssa.SsaBasicBlock::newFromRop (183 bytes)

GC Heap History (9 events):
Event: 2,341 GC heap before
{Heap before GC invocations=1 (full 0):
 PSYoungGen      total 17920K, used 15360K [0x00000000eaa80000, 0x00000000ebe80000, 0x0000000100000000)
  eden space 15360K, 100% used [0x00000000eaa80000,0x00000000eb980000,0x00000000eb980000)
  from space 2560K, 0% used [0x00000000ebc00000,0x00000000ebc00000,0x00000000ebe80000)
  to   space 2560K, 0% used [0x00000000eb980000,0x00000000eb980000,0x00000000ebc00000)
 ParOldGen       total 40960K, used 0K [0x00000000c0000000, 0x00000000c2800000, 0x00000000eaa80000)
  object space 40960K, 0% used [0x00000000c0000000,0x00000000c0000000,0x00000000c2800000)
 PSPermGen       total 21504K, used 5780K [0x00000000b5a00000, 0x00000000b6f00000, 0x00000000c0000000)
  object space 21504K, 26% used [0x00000000b5a00000,0x00000000b5fa5358,0x00000000b6f00000)
Event: 2,360 GC heap after
Heap after GC invocations=1 (full 0):
 PSYoungGen      total 17920K, used 2532K [0x00000000eaa80000, 0x00000000ebe80000, 0x0000000100000000)
  eden space 15360K, 0% used [0x00000000eaa80000,0x00000000eaa80000,0x00000000eb980000)
  from space 2560K, 98% used [0x00000000eb980000,0x00000000ebbf92f0,0x00000000ebc00000)
  to   space 2560K, 0% used [0x00000000ebc00000,0x00000000ebc00000,0x00000000ebe80000)
 ParOldGen       total 40960K, used 512K [0x00000000c0000000, 0x00000000c2800000, 0x00000000eaa80000)
  object space 40960K, 1% used [0x00000000c0000000,0x00000000c0080048,0x00000000c2800000)
 PSPermGen       total 21504K, used 5780K [0x00000000b5a00000, 0x00000000b6f00000, 0x00000000c0000000)
  object space 21504K, 26% used [0x00000000b5a00000,0x00000000b5fa5358,0x00000000b6f00000)
}
Event: 3,749 GC heap before
{Heap before GC invocations=2 (full 0):
 PSYoungGen      total 17920K, used 17892K [0x00000000eaa80000, 0x00000000ebe80000, 0x0000000100000000)
  eden space 15360K, 100% used [0x00000000eaa80000,0x00000000eb980000,0x00000000eb980000)
  from space 2560K, 98% used [0x00000000eb980000,0x00000000ebbf92f0,0x00000000ebc00000)
  to   space 2560K, 0% used [0x00000000ebc00000,0x00000000ebc00000,0x00000000ebe80000)
 ParOldGen       total 40960K, used 512K [0x00000000c0000000, 0x00000000c2800000, 0x00000000eaa80000)
  object space 40960K, 1% used [0x00000000c0000000,0x00000000c0080048,0x00000000c2800000)
 PSPermGen       total 21504K, used 6023K [0x00000000b5a00000, 0x00000000b6f00000, 0x00000000c0000000)
  object space 21504K, 28% used [0x00000000b5a00000,0x00000000b5fe1f40,0x00000000b6f00000)
Event: 3,787 GC heap after
Heap after GC invocations=2 (full 0):
 PSYoungGen      total 17920K, used 2545K [0x00000000eaa80000, 0x00000000ecd80000, 0x0000000100000000)
  eden space 15360K, 0% used [0x00000000eaa80000,0x00000000eaa80000,0x00000000eb980000)
  from space 2560K, 99% used [0x00000000ebc00000,0x00000000ebe7c688,0x00000000ebe80000)
  to   space 2560K, 0% used [0x00000000eb980000,0x00000000eb980000,0x00000000ebc00000)
 ParOldGen       total 40960K, used 2111K [0x00000000c0000000, 0x00000000c2800000, 0x00000000eaa80000)
  object space 40960K, 5% used [0x00000000c0000000,0x00000000c020fec0,0x00000000c2800000)
 PSPermGen       total 21504K, used 6023K [0x00000000b5a00000, 0x00000000b6f00000, 0x00000000c0000000)
  object space 21504K, 28% used [0x00000000b5a00000,0x00000000b5fe1f40,0x00000000b6f00000)
}
Event: 4,870 GC heap before
{Heap before GC invocations=3 (full 0):
 PSYoungGen      total 17920K, used 17905K [0x00000000eaa80000, 0x00000000ecd80000, 0x0000000100000000)
  eden space 15360K, 100% used [0x00000000eaa80000,0x00000000eb980000,0x00000000eb980000)
  from space 2560K, 99% used [0x00000000ebc00000,0x00000000ebe7c688,0x00000000ebe80000)
  to   space 2560K, 0% used [0x00000000eb980000,0x00000000eb980000,0x00000000ebc00000)
 ParOldGen       total 40960K, used 2111K [0x00000000c0000000, 0x00000000c2800000, 0x00000000eaa80000)
  object space 40960K, 5% used [0x00000000c0000000,0x00000000c020fec0,0x00000000c2800000)
 PSPermGen       total 21504K, used 6126K [0x00000000b5a00000, 0x00000000b6f00000, 0x00000000c0000000)
  object space 21504K, 28% used [0x00000000b5a00000,0x00000000b5ffb9a0,0x00000000b6f00000)
Event: 4,900 GC heap after
Heap after GC invocations=3 (full 0):
 PSYoungGen      total 17920K, used 2529K [0x00000000eaa80000, 0x00000000ecd80000, 0x0000000100000000)
  eden space 15360K, 0% used [0x00000000eaa80000,0x00000000eaa80000,0x00000000eb980000)
  from space 2560K, 98% used [0x00000000eb980000,0x00000000ebbf86a8,0x00000000ebc00000)
  to   space 2560K, 0% used [0x00000000ecb00000,0x00000000ecb00000,0x00000000ecd80000)
 ParOldGen       total 40960K, used 4758K [0x00000000c0000000, 0x00000000c2800000, 0x00000000eaa80000)
  object space 40960K, 11% used [0x00000000c0000000,0x00000000c04a5ad0,0x00000000c2800000)
 PSPermGen       total 21504K, used 6126K [0x00000000b5a00000, 0x00000000b6f00000, 0x00000000c0000000)
  object space 21504K, 28% used [0x00000000b5a00000,0x00000000b5ffb9a0,0x00000000b6f00000)
}
Event: 6,453 GC heap before
{Heap before GC invocations=4 (full 0):
 PSYoungGen      total 17920K, used 17889K [0x00000000eaa80000, 0x00000000ecd80000, 0x0000000100000000)
  eden space 15360K, 100% used [0x00000000eaa80000,0x00000000eb980000,0x00000000eb980000)
  from space 2560K, 98% used [0x00000000eb980000,0x00000000ebbf86a8,0x00000000ebc00000)
  to   space 2560K, 0% used [0x00000000ecb00000,0x00000000ecb00000,0x00000000ecd80000)
 ParOldGen       total 40960K, used 4758K [0x00000000c0000000, 0x00000000c2800000, 0x00000000eaa80000)
  object space 40960K, 11% used [0x00000000c0000000,0x00000000c04a5ad0,0x00000000c2800000)
 PSPermGen       total 21504K, used 6167K [0x00000000b5a00000, 0x00000000b6f00000, 0x00000000c0000000)
  object space 21504K, 28% used [0x00000000b5a00000,0x00000000b6005d40,0x00000000b6f00000)
Event: 6,486 GC heap after
Heap after GC invocations=4 (full 0):
 PSYoungGen      total 33280K, used 2531K [0x00000000eaa80000, 0x00000000ecd80000, 0x0000000100000000)
  eden space 30720K, 0% used [0x00000000eaa80000,0x00000000eaa80000,0x00000000ec880000)
  from space 2560K, 98% used [0x00000000ecb00000,0x00000000ecd78fd8,0x00000000ecd80000)
  to   space 2560K, 0% used [0x00000000ec880000,0x00000000ec880000,0x00000000ecb00000)
 ParOldGen       total 40960K, used 7209K [0x00000000c0000000, 0x00000000c2800000, 0x00000000eaa80000)
  object space 40960K, 17% used [0x00000000c0000000,0x00000000c070a598,0x00000000c2800000)
 PSPermGen       total 21504K, used 6167K [0x00000000b5a00000, 0x00000000b6f00000, 0x00000000c0000000)
  object space 21504K, 28% used [0x00000000b5a00000,0x00000000b6005d40,0x00000000b6f00000)
}
Event: 12,344 GC heap before
{Heap before GC invocations=5 (full 0):
 PSYoungGen      total 33280K, used 33251K [0x00000000eaa80000, 0x00000000ecd80000, 0x0000000100000000)
  eden space 30720K, 100% used [0x00000000eaa80000,0x00000000ec880000,0x00000000ec880000)
  from space 2560K, 98% used [0x00000000ecb00000,0x00000000ecd78fd8,0x00000000ecd80000)
  to   space 2560K, 0% used [0x00000000ec880000,0x00000000ec880000,0x00000000ecb00000)
 ParOldGen       total 40960K, used 7209K [0x00000000c0000000, 0x00000000c2800000, 0x00000000eaa80000)
  object space 40960K, 17% used [0x00000000c0000000,0x00000000c070a598,0x00000000c2800000)
 PSPermGen       total 21504K, used 6202K [0x00000000b5a00000, 0x00000000b6f00000, 0x00000000c0000000)
  object space 21504K, 28% used [0x00000000b5a00000,0x00000000b600ea30,0x00000000b6f00000)

Deoptimization events (8 events):
Event: 1,368 Thread 0x00007f2f1800a800 Uncommon trap: reason=unstable_if action=reinterpret pc=0x00007f2f15060c34 method=java.lang.String.indexOf(II)I @ 49
Event: 1,913 Thread 0x00007f2f1800a800 Uncommon trap: reason=unstable_if action=reinterpret pc=0x00007f2f15065e08 method=java.lang.String.compareTo(Ljava/lang/String;)I @ 38
Event: 2,994 Thread 0x00007f2f181b2000 Uncommon trap: reason=unstable_if action=reinterpret pc=0x00007f2f1508204c method=com.android.dx.ssa.SsaRenamer$BlockRenamer.addMapping(ILcom/android/dx/rop/code/RegisterSpec;)V @ 120
Event: 3,607 Thread 0x00007f2f181b2000 Uncommon trap: reason=unstable_if action=reinterpret pc=0x00007f2f1508ad78 method=com.android.dx.rop.code.RegisterSpec.equals(ILcom/android/dx/rop/type/TypeBearer;Lcom/android/dx/rop/code/LocalItem;)Z @ 42
Event: 6,160 Thread 0x00007f2f181b3800 Uncommon trap: reason=unstable_if action=reinterpret pc=0x00007f2f15081284 method=com.android.dx.rop.cst.Constant.compareTo(Lcom/android/dx/rop/cst/Constant;)I @ 12
Event: 6,960 Thread 0x00007f2f181b3800 Uncommon trap: reason=unstable_if action=reinterpret pc=0x00007f2f150c26a8 method=com.android.dx.rop.code.RegisterSpecSet.localItemToSpec(Lcom/android/dx/rop/code/LocalItem;)Lcom/android/dx/rop/code/RegisterSpec; @ 35
Event: 7,027 Thread 0x00007f2f181ac800 Uncommon trap: reason=null_check action=make_not_entrant pc=0x00007f2f150cad64 method=com.android.dx.ssa.SsaRenamer.getLocalForNewReg(I)Lcom/android/dx/rop/code/LocalItem; @ 19
Event: 7,294 Thread 0x00007f2f1800a800 Uncommon trap: reason=null_check action=make_not_entrant pc=0x00007f2f150d48f0 method=com.android.dx.rop.type.Type.putIntern(Lcom/android/dx/rop/type/Type;)Lcom/android/dx/rop/type/Type; @ 18

Internal exceptions (10 events):
Event: 2,380 Thread 0x00007f2f1800a800 Threw 0x00000000eaa847c0 at /build/openjdk-7-HVzwJZ/openjdk-7-7u95-2.6.4/build/openjdk/hotspot/src/share/vm/prims/jvm.cpp:1322
Event: 2,624 Thread 0x00007f2f181b1000 Threw 0x00000000ead42dc8 at /build/openjdk-7-HVzwJZ/openjdk-7-7u95-2.6.4/build/openjdk/hotspot/src/share/vm/prims/jvm.cpp:1322
Event: 2,634 Thread 0x00007f2f181b2000 Threw 0x00000000eadcc3d8 at /build/openjdk-7-HVzwJZ/openjdk-7-7u95-2.6.4/build/openjdk/hotspot/src/share/vm/prims/jvm.cpp:1322
Event: 2,696 Thread 0x00007f2f181ac800 Threw 0x00000000eadfce68 at /build/openjdk-7-HVzwJZ/openjdk-7-7u95-2.6.4/build/openjdk/hotspot/src/share/vm/prims/jvm.cpp:1322
Event: 3,198 Thread 0x00007f2f181b2000 Threw 0x00000000eb2a6520 at /build/openjdk-7-HVzwJZ/openjdk-7-7u95-2.6.4/build/openjdk/hotspot/src/share/vm/prims/jvm.cpp:1322
Event: 3,332 Thread 0x00007f2f181b1000 Threw 0x00000000eb3800a0 at /build/openjdk-7-HVzwJZ/openjdk-7-7u95-2.6.4/build/openjdk/hotspot/src/share/vm/prims/jvm.cpp:1322
Event: 4,842 Thread 0x00007f2f1800a800 Threw 0x00000000eb95a110 at /build/openjdk-7-HVzwJZ/openjdk-7-7u95-2.6.4/build/openjdk/hotspot/src/share/vm/prims/jvm.cpp:1322
Event: 7,027 Thread 0x00007f2f181ac800 Implicit null exception at 0x00007f2f150c8565 to 0x00007f2f150cad41
Event: 7,294 Thread 0x00007f2f1800a800 Implicit null exception at 0x00007f2f150d422b to 0x00007f2f150d48e1
Event: 8,776 Thread 0x00007f2f181b1000 Threw 0x00000000ec3de680 at /build/openjdk-7-HVzwJZ/openjdk-7-7u95-2.6.4/build/openjdk/hotspot/src/share/vm/prims/jvm.cpp:1322

Events (10 events):
Event: 7,027 Thread 0x00007f2f181ac800 Uncommon trap: trap_request=0xfffffff4 fr.pc=0x00007f2f150cad64
Event: 7,027 Thread 0x00007f2f181ac800 DEOPT PACKING pc=0x00007f2f150cad64 sp=0x00007f2ee7dc0110
Event: 7,027 Thread 0x00007f2f181ac800 DEOPT UNPACKING pc=0x00007f2f15039445 sp=0x00007f2ee7dbfeb8 mode 2
Event: 7,164 Thread 0x00007f2f180ac800 flushing nmethod 0x00007f2f15081ad0
Event: 7,294 Thread 0x00007f2f1800a800 Uncommon trap: trap_request=0xfffffff4 fr.pc=0x00007f2f150d48f0
Event: 7,294 Thread 0x00007f2f1800a800 DEOPT PACKING pc=0x00007f2f150d48f0 sp=0x00007f2f207faa80
Event: 7,294 Thread 0x00007f2f1800a800 DEOPT UNPACKING pc=0x00007f2f15039445 sp=0x00007f2f207fa9b0 mode 2
Event: 8,775 loading class 0x00007f2ec8012800
Event: 8,775 loading class 0x00007f2ec8012800 done
Event: 11,701 Executing VM operation: ParallelGCFailedAllocation


Dynamic libraries:
00400000-00401000 r-xp 00000000 08:01 5899564                            /usr/lib/jvm/java-7-openjdk-amd64/jre/bin/java
00600000-00601000 r--p 00000000 08:01 5899564                            /usr/lib/jvm/java-7-openjdk-amd64/jre/bin/java
00601000-00602000 rw-p 00001000 08:01 5899564                            /usr/lib/jvm/java-7-openjdk-amd64/jre/bin/java
0105c000-0107d000 rw-p 00000000 00:00 0                                  [heap]
b5a00000-b6f00000 rw-p 00000000 00:00 0 
b6f00000-c0000000 rw-p 00000000 00:00 0 
c0000000-c2800000 rw-p 00000000 00:00 0 
c2800000-eaa80000 rw-p 00000000 00:00 0 
eaa80000-ecd80000 rw-p 00000000 00:00 0 
ef680000-100000000 rw-p 00000000 00:00 0 
7f2ec8000000-7f2ec8034000 rw-p 00000000 00:00 0 
7f2ec8034000-7f2ecc000000 ---p 00000000 00:00 0 
7f2ecc000000-7f2ecc021000 rw-p 00000000 00:00 0 
7f2ecc021000-7f2ed0000000 ---p 00000000 00:00 0 
7f2ed0000000-7f2ed0021000 rw-p 00000000 00:00 0 
7f2ed0021000-7f2ed4000000 ---p 00000000 00:00 0 
7f2ed4000000-7f2ed402b000 rw-p 00000000 00:00 0 
7f2ed402b000-7f2ed8000000 ---p 00000000 00:00 0 
7f2ed8000000-7f2ed8021000 rw-p 00000000 00:00 0 
7f2ed8021000-7f2edc000000 ---p 00000000 00:00 0 
7f2edc000000-7f2edc022000 rw-p 00000000 00:00 0 
7f2edc022000-7f2ee0000000 ---p 00000000 00:00 0 
7f2ee0000000-7f2ee0021000 rw-p 00000000 00:00 0 
7f2ee0021000-7f2ee4000000 ---p 00000000 00:00 0 
7f2ee78bd000-7f2ee78c0000 ---p 00000000 00:00 0 
7f2ee78c0000-7f2ee79be000 rw-p 00000000 00:00 0                          [stack:19633]
7f2ee79be000-7f2ee79c1000 ---p 00000000 00:00 0 
7f2ee79c1000-7f2ee7abf000 rw-p 00000000 00:00 0                          [stack:19632]
7f2ee7abf000-7f2ee7ac2000 ---p 00000000 00:00 0 
7f2ee7ac2000-7f2ee7bc0000 rw-p 00000000 00:00 0                          [stack:19631]
7f2ee7bc0000-7f2ee7bc3000 ---p 00000000 00:00 0 
7f2ee7bc3000-7f2ee7cc1000 rw-p 00000000 00:00 0                          [stack:19630]
7f2ee7cc1000-7f2ee7cc4000 ---p 00000000 00:00 0 
7f2ee7cc4000-7f2ee7dc2000 rw-p 00000000 00:00 0                          [stack:19629]
7f2ee7dc2000-7f2ee7dff000 r-xp 00000000 08:01 24379639                   /lib/x86_64-linux-gnu/libpcre.so.3.13.1
7f2ee7dff000-7f2ee7ffe000 ---p 0003d000 08:01 24379639                   /lib/x86_64-linux-gnu/libpcre.so.3.13.1
7f2ee7ffe000-7f2ee7fff000 r--p 0003c000 08:01 24379639                   /lib/x86_64-linux-gnu/libpcre.so.3.13.1
7f2ee7fff000-7f2ee8000000 rw-p 0003d000 08:01 24379639                   /lib/x86_64-linux-gnu/libpcre.so.3.13.1
7f2ee8000000-7f2ee977e000 rw-p 00000000 00:00 0 
7f2ee977e000-7f2eec000000 ---p 00000000 00:00 0 
7f2eec000000-7f2eecdd5000 rw-p 00000000 00:00 0 
7f2eecdd5000-7f2ef0000000 ---p 00000000 00:00 0 
7f2ef0000000-7f2ef0021000 rw-p 00000000 00:00 0 
7f2ef0021000-7f2ef4000000 ---p 00000000 00:00 0 
7f2ef4000000-7f2ef4021000 rw-p 00000000 00:00 0 
7f2ef4021000-7f2ef8000000 ---p 00000000 00:00 0 
7f2ef8000000-7f2ef8021000 rw-p 00000000 00:00 0 
7f2ef8021000-7f2efc000000 ---p 00000000 00:00 0 
7f2efc000000-7f2efc021000 rw-p 00000000 00:00 0 
7f2efc021000-7f2f00000000 ---p 00000000 00:00 0 
7f2f00000000-7f2f00021000 rw-p 00000000 00:00 0 
7f2f00021000-7f2f04000000 ---p 00000000 00:00 0 
7f2f04000000-7f2f04021000 rw-p 00000000 00:00 0 
7f2f04021000-7f2f08000000 ---p 00000000 00:00 0 
7f2f08000000-7f2f08021000 rw-p 00000000 00:00 0 
7f2f08021000-7f2f0c000000 ---p 00000000 00:00 0 
7f2f0c05a000-7f2f0c08b000 rw-p 00000000 00:00 0 
7f2f0c08b000-7f2f0c092000 r-xp 00000000 08:01 5767719                    /usr/lib/x86_64-linux-gnu/libffi.so.6.0.1
7f2f0c092000-7f2f0c291000 ---p 00007000 08:01 5767719                    /usr/lib/x86_64-linux-gnu/libffi.so.6.0.1
7f2f0c291000-7f2f0c292000 r--p 00006000 08:01 5767719                    /usr/lib/x86_64-linux-gnu/libffi.so.6.0.1
7f2f0c292000-7f2f0c293000 rw-p 00007000 08:01 5767719                    /usr/lib/x86_64-linux-gnu/libffi.so.6.0.1
7f2f0c293000-7f2f0c2aa000 r-xp 00000000 08:01 24379500                   /lib/x86_64-linux-gnu/libresolv-2.19.so
7f2f0c2aa000-7f2f0c4aa000 ---p 00017000 08:01 24379500                   /lib/x86_64-linux-gnu/libresolv-2.19.so
7f2f0c4aa000-7f2f0c4ab000 r--p 00017000 08:01 24379500                   /lib/x86_64-linux-gnu/libresolv-2.19.so
7f2f0c4ab000-7f2f0c4ac000 rw-p 00018000 08:01 24379500                   /lib/x86_64-linux-gnu/libresolv-2.19.so
7f2f0c4ac000-7f2f0c4ae000 rw-p 00000000 00:00 0 
7f2f0c4ae000-7f2f0c4ce000 r-xp 00000000 08:01 24380372                   /lib/x86_64-linux-gnu/libselinux.so.1
7f2f0c4ce000-7f2f0c6cd000 ---p 00020000 08:01 24380372                   /lib/x86_64-linux-gnu/libselinux.so.1
7f2f0c6cd000-7f2f0c6ce000 r--p 0001f000 08:01 24380372                   /lib/x86_64-linux-gnu/libselinux.so.1
7f2f0c6ce000-7f2f0c6cf000 rw-p 00020000 08:01 24380372                   /lib/x86_64-linux-gnu/libselinux.so.1
7f2f0c6cf000-7f2f0c6d1000 rw-p 00000000 00:00 0 
7f2f0c6d1000-7f2f0c6d4000 r-xp 00000000 08:01 5767264                    /usr/lib/x86_64-linux-gnu/libgmodule-2.0.so.0.4002.0
7f2f0c6d4000-7f2f0c8d3000 ---p 00003000 08:01 5767264                    /usr/lib/x86_64-linux-gnu/libgmodule-2.0.so.0.4002.0
7f2f0c8d3000-7f2f0c8d4000 r--p 00002000 08:01 5767264                    /usr/lib/x86_64-linux-gnu/libgmodule-2.0.so.0.4002.0
7f2f0c8d4000-7f2f0c8d5000 rw-p 00003000 08:01 5767264                    /usr/lib/x86_64-linux-gnu/libgmodule-2.0.so.0.4002.0
7f2f0c8d5000-7f2f0c9db000 r-xp 00000000 08:01 24380453                   /lib/x86_64-linux-gnu/libglib-2.0.so.0.4002.0
7f2f0c9db000-7f2f0cbda000 ---p 00106000 08:01 24380453                   /lib/x86_64-linux-gnu/libglib-2.0.so.0.4002.0
7f2f0cbda000-7f2f0cbdb000 r--p 00105000 08:01 24380453                   /lib/x86_64-linux-gnu/libglib-2.0.so.0.4002.0
7f2f0cbdb000-7f2f0cbdc000 rw-p 00106000 08:01 24380453                   /lib/x86_64-linux-gnu/libglib-2.0.so.0.4002.0
7f2f0cbdc000-7f2f0cbdd000 rw-p 00000000 00:00 0 
7f2f0cbdd000-7f2f0cc2c000 r-xp 00000000 08:01 5767266                    /usr/lib/x86_64-linux-gnu/libgobject-2.0.so.0.4002.0
7f2f0cc2c000-7f2f0ce2c000 ---p 0004f000 08:01 5767266                    /usr/lib/x86_64-linux-gnu/libgobject-2.0.so.0.4002.0
7f2f0ce2c000-7f2f0ce2d000 r--p 0004f000 08:01 5767266                    /usr/lib/x86_64-linux-gnu/libgobject-2.0.so.0.4002.0
7f2f0ce2d000-7f2f0ce2e000 rw-p 00050000 08:01 5767266                    /usr/lib/x86_64-linux-gnu/libgobject-2.0.so.0.4002.0
7f2f0ce2e000-7f2f0cf9a000 r-xp 00000000 08:01 5767269                    /usr/lib/x86_64-linux-gnu/libgio-2.0.so.0.4002.0
7f2f0cf9a000-7f2f0d199000 ---p 0016c000 08:01 5767269                    /usr/lib/x86_64-linux-gnu/libgio-2.0.so.0.4002.0
7f2f0d199000-7f2f0d19d000 r--p 0016b000 08:01 5767269                    /usr/lib/x86_64-linux-gnu/libgio-2.0.so.0.4002.0
7f2f0d19d000-7f2f0d19f000 rw-p 0016f000 08:01 5767269                    /usr/lib/x86_64-linux-gnu/libgio-2.0.so.0.4002.0
7f2f0d19f000-7f2f0d1a1000 rw-p 00000000 00:00 0 
7f2f0d1a1000-7f2f0d1b8000 r-xp 00000000 08:01 5899587                    /usr/lib/jvm/java-7-openjdk-amd64/jre/lib/amd64/libnet.so
7f2f0d1b8000-7f2f0d3b7000 ---p 00017000 08:01 5899587                    /usr/lib/jvm/java-7-openjdk-amd64/jre/lib/amd64/libnet.so
7f2f0d3b7000-7f2f0d3b8000 r--p 00016000 08:01 5899587                    /usr/lib/jvm/java-7-openjdk-amd64/jre/lib/amd64/libnet.so
7f2f0d3b8000-7f2f0d3b9000 rw-p 00017000 08:01 5899587                    /usr/lib/jvm/java-7-openjdk-amd64/jre/lib/amd64/libnet.so
7f2f0d3b9000-7f2f0d3c9000 r-xp 00000000 08:01 5899608                    /usr/lib/jvm/java-7-openjdk-amd64/jre/lib/amd64/libnio.so
7f2f0d3c9000-7f2f0d5c9000 ---p 00010000 08:01 5899608                    /usr/lib/jvm/java-7-openjdk-amd64/jre/lib/amd64/libnio.so
7f2f0d5c9000-7f2f0d5ca000 r--p 00010000 08:01 5899608                    /usr/lib/jvm/java-7-openjdk-amd64/jre/lib/amd64/libnio.so
7f2f0d5ca000-7f2f0d5cb000 rw-p 00011000 08:01 5899608                    /usr/lib/jvm/java-7-openjdk-amd64/jre/lib/amd64/libnio.so
7f2f0d5cb000-7f2f0d5cc000 ---p 00000000 00:00 0 
7f2f0d5cc000-7f2f0d6cc000 rw-p 00000000 00:00 0                          [stack:19613]
7f2f0d6cc000-7f2f0d6cf000 ---p 00000000 00:00 0 
7f2f0d6cf000-7f2f0d7cd000 rw-p 00000000 00:00 0                          [stack:19611]
7f2f0d7cd000-7f2f0d7d0000 ---p 00000000 00:00 0 
7f2f0d7d0000-7f2f0d8ce000 rw-p 00000000 00:00 0                          [stack:19609]
7f2f0d8ce000-7f2f0d8d1000 ---p 00000000 00:00 0 
7f2f0d8d1000-7f2f0d9cf000 rw-p 00000000 00:00 0                          [stack:19608]
7f2f0d9cf000-7f2f0d9d2000 ---p 00000000 00:00 0 
7f2f0d9d2000-7f2f10000000 rw-p 00000000 00:00 0                          [stack:19607]
7f2f10000000-7f2f10021000 rw-p 00000000 00:00 0 
7f2f10021000-7f2f14000000 ---p 00000000 00:00 0 
7f2f14029000-7f2f142f3000 r--p 00000000 08:01 5773223                    /usr/lib/locale/locale-archive
7f2f142f3000-7f2f142f6000 ---p 00000000 00:00 0 
7f2f142f6000-7f2f143f4000 rw-p 00000000 00:00 0                          [stack:19594]
7f2f143f4000-7f2f143f7000 ---p 00000000 00:00 0 
7f2f143f7000-7f2f144f5000 rw-p 00000000 00:00 0                          [stack:19591]
7f2f144f5000-7f2f144f6000 ---p 00000000 00:00 0 
7f2f144f6000-7f2f15000000 rw-p 00000000 00:00 0                          [stack:19586]
7f2f15000000-7f2f15270000 rwxp 00000000 00:00 0 
7f2f15270000-7f2f181d1000 rw-p 00000000 00:00 0 
7f2f181d1000-7f2f1c000000 ---p 00000000 00:00 0 
7f2f1c032000-7f2f1c03b000 r--s 0008a000 08:01 19927124                   /home/thales/AndroidStudioProjects/compartmusic/app/build/intermediates/exploded-aar/com.android.support/appcompat-v7/23.2.0/jars/classes.jar
7f2f1c03b000-7f2f1c04a000 r--s 000df000 08:01 16253369                   /home/thales/Android/Sdk/build-tools/23.0.2/lib/dx.jar
7f2f1c04a000-7f2f1c63d000 rw-p 00000000 00:00 0 
7f2f1c63d000-7f2f1c7ee000 r--s 01d30000 08:01 5899673                    /usr/lib/jvm/java-7-openjdk-amd64/jre/lib/rt.jar
7f2f1c7ee000-7f2f1cb3a000 rw-p 00000000 00:00 0 
7f2f1cb3a000-7f2f1cb3b000 ---p 00000000 00:00 0 
7f2f1cb3b000-7f2f1cc3b000 rw-p 00000000 00:00 0                          [stack:19583]
7f2f1cc3b000-7f2f1cc3c000 ---p 00000000 00:00 0 
7f2f1cc3c000-7f2f1cd3c000 rw-p 00000000 00:00 0                          [stack:19576]
7f2f1cd3c000-7f2f1cd3d000 ---p 00000000 00:00 0 
7f2f1cd3d000-7f2f1ce3d000 rw-p 00000000 00:00 0                          [stack:19574]
7f2f1ce3d000-7f2f1ce3e000 ---p 00000000 00:00 0 
7f2f1ce3e000-7f2f1cf49000 rw-p 00000000 00:00 0                          [stack:19571]
7f2f1cf49000-7f2f1cf91000 rw-p 00000000 00:00 0 
7f2f1cf91000-7f2f1cfa5000 rw-p 00000000 00:00 0 
7f2f1cfa5000-7f2f1d0e7000 rw-p 00000000 00:00 0 
7f2f1d0e7000-7f2f1d0f2000 rw-p 00000000 00:00 0 
7f2f1d0f2000-7f2f1d13a000 rw-p 00000000 00:00 0 
7f2f1d13a000-7f2f1d14e000 rw-p 00000000 00:00 0 
7f2f1d14e000-7f2f1d28f000 rw-p 00000000 00:00 0 
7f2f1d28f000-7f2f1d2a1000 rw-p 00000000 00:00 0 
7f2f1d2a1000-7f2f1d33a000 rw-p 00000000 00:00 0 
7f2f1d33a000-7f2f1d33b000 rw-p 00000000 00:00 0 
7f2f1d33b000-7f2f1d343000 r-xp 00000000 08:01 5899592                    /usr/lib/jvm/java-7-openjdk-amd64/jre/lib/amd64/libzip.so
7f2f1d343000-7f2f1d542000 ---p 00008000 08:01 5899592                    /usr/lib/jvm/java-7-openjdk-amd64/jre/lib/amd64/libzip.so
7f2f1d542000-7f2f1d543000 r--p 00007000 08:01 5899592                    /usr/lib/jvm/java-7-openjdk-amd64/jre/lib/amd64/libzip.so
7f2f1d543000-7f2f1d544000 rw-p 00008000 08:01 5899592                    /usr/lib/jvm/java-7-openjdk-amd64/jre/lib/amd64/libzip.so
7f2f1d544000-7f2f1d54f000 r-xp 00000000 08:01 24379578                   /lib/x86_64-linux-gnu/libnss_files-2.19.so
7f2f1d54f000-7f2f1d74e000 ---p 0000b000 08:01 24379578                   /lib/x86_64-linux-gnu/libnss_files-2.19.so
7f2f1d74e000-7f2f1d74f000 r--p 0000a000 08:01 24379578                   /lib/x86_64-linux-gnu/libnss_files-2.19.so
7f2f1d74f000-7f2f1d750000 rw-p 0000b000 08:01 24379578                   /lib/x86_64-linux-gnu/libnss_files-2.19.so
7f2f1d750000-7f2f1d75b000 r-xp 00000000 08:01 24379570                   /lib/x86_64-linux-gnu/libnss_nis-2.19.so
7f2f1d75b000-7f2f1d95a000 ---p 0000b000 08:01 24379570                   /lib/x86_64-linux-gnu/libnss_nis-2.19.so
7f2f1d95a000-7f2f1d95b000 r--p 0000a000 08:01 24379570                   /lib/x86_64-linux-gnu/libnss_nis-2.19.so
7f2f1d95b000-7f2f1d95c000 rw-p 0000b000 08:01 24379570                   /lib/x86_64-linux-gnu/libnss_nis-2.19.so
7f2f1d95c000-7f2f1d973000 r-xp 00000000 08:01 24379566                   /lib/x86_64-linux-gnu/libnsl-2.19.so
7f2f1d973000-7f2f1db72000 ---p 00017000 08:01 24379566                   /lib/x86_64-linux-gnu/libnsl-2.19.so
7f2f1db72000-7f2f1db73000 r--p 00016000 08:01 24379566                   /lib/x86_64-linux-gnu/libnsl-2.19.so
7f2f1db73000-7f2f1db74000 rw-p 00017000 08:01 24379566                   /lib/x86_64-linux-gnu/libnsl-2.19.so
7f2f1db74000-7f2f1db76000 rw-p 00000000 00:00 0 
7f2f1db76000-7f2f1db7f000 r-xp 00000000 08:01 24379565                   /lib/x86_64-linux-gnu/libnss_compat-2.19.so
7f2f1db7f000-7f2f1dd7e000 ---p 00009000 08:01 24379565                   /lib/x86_64-linux-gnu/libnss_compat-2.19.so
7f2f1dd7e000-7f2f1dd7f000 r--p 00008000 08:01 24379565                   /lib/x86_64-linux-gnu/libnss_compat-2.19.so
7f2f1dd7f000-7f2f1dd80000 rw-p 00009000 08:01 24379565                   /lib/x86_64-linux-gnu/libnss_compat-2.19.so
7f2f1dd80000-7f2f1ddab000 r-xp 00000000 08:01 5899578                    /usr/lib/jvm/java-7-openjdk-amd64/jre/lib/amd64/libjava.so
7f2f1ddab000-7f2f1dfab000 ---p 0002b000 08:01 5899578                    /usr/lib/jvm/java-7-openjdk-amd64/jre/lib/amd64/libjava.so
7f2f1dfab000-7f2f1dfac000 r--p 0002b000 08:01 5899578                    /usr/lib/jvm/java-7-openjdk-amd64/jre/lib/amd64/libjava.so
7f2f1dfac000-7f2f1dfae000 rw-p 0002c000 08:01 5899578                    /usr/lib/jvm/java-7-openjdk-amd64/jre/lib/amd64/libjava.so
7f2f1dfae000-7f2f1dfbe000 r-xp 00000000 08:01 5899579                    /usr/lib/jvm/java-7-openjdk-amd64/jre/lib/amd64/libverify.so
7f2f1dfbe000-7f2f1e1bd000 ---p 00010000 08:01 5899579                    /usr/lib/jvm/java-7-openjdk-amd64/jre/lib/amd64/libverify.so
7f2f1e1bd000-7f2f1e1bf000 r--p 0000f000 08:01 5899579                    /usr/lib/jvm/java-7-openjdk-amd64/jre/lib/amd64/libverify.so
7f2f1e1bf000-7f2f1e1c0000 rw-p 00011000 08:01 5899579                    /usr/lib/jvm/java-7-openjdk-amd64/jre/lib/amd64/libverify.so
7f2f1e1c0000-7f2f1e1c7000 r-xp 00000000 08:01 24379574                   /lib/x86_64-linux-gnu/librt-2.19.so
7f2f1e1c7000-7f2f1e3c6000 ---p 00007000 08:01 24379574                   /lib/x86_64-linux-gnu/librt-2.19.so
7f2f1e3c6000-7f2f1e3c7000 r--p 00006000 08:01 24379574                   /lib/x86_64-linux-gnu/librt-2.19.so
7f2f1e3c7000-7f2f1e3c8000 rw-p 00007000 08:01 24379574                   /lib/x86_64-linux-gnu/librt-2.19.so
7f2f1e3c8000-7f2f1e3de000 r-xp 00000000 08:01 24380426                   /lib/x86_64-linux-gnu/libgcc_s.so.1
7f2f1e3de000-7f2f1e5dd000 ---p 00016000 08:01 24380426                   /lib/x86_64-linux-gnu/libgcc_s.so.1
7f2f1e5dd000-7f2f1e5de000 rw-p 00015000 08:01 24380426                   /lib/x86_64-linux-gnu/libgcc_s.so.1
7f2f1e5de000-7f2f1e6e3000 r-xp 00000000 08:01 24379560                   /lib/x86_64-linux-gnu/libm-2.19.so
7f2f1e6e3000-7f2f1e8e2000 ---p 00105000 08:01 24379560                   /lib/x86_64-linux-gnu/libm-2.19.so
7f2f1e8e2000-7f2f1e8e3000 r--p 00104000 08:01 24379560                   /lib/x86_64-linux-gnu/libm-2.19.so
7f2f1e8e3000-7f2f1e8e4000 rw-p 00105000 08:01 24379560                   /lib/x86_64-linux-gnu/libm-2.19.so
7f2f1e8e4000-7f2f1e9ca000 r-xp 00000000 08:01 5768586                    /usr/lib/x86_64-linux-gnu/libstdc++.so.6.0.19
7f2f1e9ca000-7f2f1ebc9000 ---p 000e6000 08:01 5768586                    /usr/lib/x86_64-linux-gnu/libstdc++.so.6.0.19
7f2f1ebc9000-7f2f1ebd1000 r--p 000e5000 08:01 5768586                    /usr/lib/x86_64-linux-gnu/libstdc++.so.6.0.19
7f2f1ebd1000-7f2f1ebd3000 rw-p 000ed000 08:01 5768586                    /usr/lib/x86_64-linux-gnu/libstdc++.so.6.0.19
7f2f1ebd3000-7f2f1ebe8000 rw-p 00000000 00:00 0 
7f2f1ebe8000-7f2f1f70c000 r-xp 00000000 08:01 5899590                    /usr/lib/jvm/java-7-openjdk-amd64/jre/lib/amd64/server/libjvm.so
7f2f1f70c000-7f2f1f90c000 ---p 00b24000 08:01 5899590                    /usr/lib/jvm/java-7-openjdk-amd64/jre/lib/amd64/server/libjvm.so
7f2f1f90c000-7f2f1f9a6000 r--p 00b24000 08:01 5899590                    /usr/lib/jvm/java-7-openjdk-amd64/jre/lib/amd64/server/libjvm.so
7f2f1f9a6000-7f2f1f9c9000 rw-p 00bbe000 08:01 5899590                    /usr/lib/jvm/java-7-openjdk-amd64/jre/lib/amd64/server/libjvm.so
7f2f1f9c9000-7f2f1f9f7000 rw-p 00000000 00:00 0 
7f2f1f9f7000-7f2f1fa0f000 r-xp 00000000 08:01 24383623                   /lib/x86_64-linux-gnu/libz.so.1.2.8
7f2f1fa0f000-7f2f1fc0e000 ---p 00018000 08:01 24383623                   /lib/x86_64-linux-gnu/libz.so.1.2.8
7f2f1fc0e000-7f2f1fc0f000 r--p 00017000 08:01 24383623                   /lib/x86_64-linux-gnu/libz.so.1.2.8
7f2f1fc0f000-7f2f1fc10000 rw-p 00018000 08:01 24383623                   /lib/x86_64-linux-gnu/libz.so.1.2.8
7f2f1fc10000-7f2f1fc29000 r-xp 00000000 08:01 24379567                   /lib/x86_64-linux-gnu/libpthread-2.19.so
7f2f1fc29000-7f2f1fe28000 ---p 00019000 08:01 24379567                   /lib/x86_64-linux-gnu/libpthread-2.19.so
7f2f1fe28000-7f2f1fe29000 r--p 00018000 08:01 24379567                   /lib/x86_64-linux-gnu/libpthread-2.19.so
7f2f1fe29000-7f2f1fe2a000 rw-p 00019000 08:01 24379567                   /lib/x86_64-linux-gnu/libpthread-2.19.so
7f2f1fe2a000-7f2f1fe2e000 rw-p 00000000 00:00 0 
7f2f1fe2e000-7f2f1fe31000 r-xp 00000000 08:01 24379562                   /lib/x86_64-linux-gnu/libdl-2.19.so
7f2f1fe31000-7f2f20030000 ---p 00003000 08:01 24379562                   /lib/x86_64-linux-gnu/libdl-2.19.so
7f2f20030000-7f2f20031000 r--p 00002000 08:01 24379562                   /lib/x86_64-linux-gnu/libdl-2.19.so
7f2f20031000-7f2f20032000 rw-p 00003000 08:01 24379562                   /lib/x86_64-linux-gnu/libdl-2.19.so
7f2f20032000-7f2f201ed000 r-xp 00000000 08:01 24379575                   /lib/x86_64-linux-gnu/libc-2.19.so
7f2f201ed000-7f2f203ec000 ---p 001bb000 08:01 24379575                   /lib/x86_64-linux-gnu/libc-2.19.so
7f2f203ec000-7f2f203f0000 r--p 001ba000 08:01 24379575                   /lib/x86_64-linux-gnu/libc-2.19.so
7f2f203f0000-7f2f203f2000 rw-p 001be000 08:01 24379575                   /lib/x86_64-linux-gnu/libc-2.19.so
7f2f203f2000-7f2f203f7000 rw-p 00000000 00:00 0 
7f2f203f7000-7f2f20404000 r-xp 00000000 08:01 5899605                    /usr/lib/jvm/java-7-openjdk-amd64/jre/lib/amd64/jli/libjli.so
7f2f20404000-7f2f20603000 ---p 0000d000 08:01 5899605                    /usr/lib/jvm/java-7-openjdk-amd64/jre/lib/amd64/jli/libjli.so
7f2f20603000-7f2f20604000 r--p 0000c000 08:01 5899605                    /usr/lib/jvm/java-7-openjdk-amd64/jre/lib/amd64/jli/libjli.so
7f2f20604000-7f2f20605000 rw-p 0000d000 08:01 5899605                    /usr/lib/jvm/java-7-openjdk-amd64/jre/lib/amd64/jli/libjli.so
7f2f20605000-7f2f20628000 r-xp 00000000 08:01 24379568                   /lib/x86_64-linux-gnu/ld-2.19.so
7f2f20628000-7f2f20629000 rw-p 00000000 00:00 0 
7f2f20629000-7f2f2062b000 r--s 00006000 08:01 6295921                    /usr/share/java/java-atk-wrapper.jar
7f2f2062b000-7f2f2062d000 r--s 00012000 08:01 5903693                    /usr/lib/jvm/java-7-openjdk-amd64/jre/lib/ext/zipfs.jar
7f2f2062d000-7f2f20630000 r--s 0000f000 08:01 5903696                    /usr/lib/jvm/java-7-openjdk-amd64/jre/lib/ext/icedtea-sound.jar
7f2f20630000-7f2f20634000 r--s 00085000 08:01 5903697                    /usr/lib/jvm/java-7-openjdk-amd64/jre/lib/ext/localedata.jar
7f2f20634000-7f2f20638000 r--s 00034000 08:01 5903695                    /usr/lib/jvm/java-7-openjdk-amd64/jre/lib/ext/sunjce_provider.jar
7f2f20638000-7f2f2063c000 r--s 0003c000 08:01 5903698                    /usr/lib/jvm/java-7-openjdk-amd64/jre/lib/ext/sunpkcs11.jar
7f2f2063c000-7f2f20646000 rw-p 00000000 00:00 0 
7f2f20646000-7f2f206fc000 rw-p 00000000 00:00 0 
7f2f206fc000-7f2f206ff000 ---p 00000000 00:00 0 
7f2f206ff000-7f2f20802000 rw-p 00000000 00:00 0                          [stack:19567]
7f2f20802000-7f2f20803000 r--s 00002000 08:01 5903691                    /usr/lib/jvm/java-7-openjdk-amd64/jre/lib/ext/dnsns.jar
7f2f20803000-7f2f2081b000 rw-p 00000000 00:00 0 
7f2f2081b000-7f2f20823000 rw-s 00000000 08:01 20059525                   /tmp/hsperfdata_thales/19560
7f2f20823000-7f2f20824000 rw-p 00000000 00:00 0 
7f2f20824000-7f2f20825000 ---p 00000000 00:00 0 
7f2f20825000-7f2f20827000 rw-p 00000000 00:00 0 
7f2f20827000-7f2f20828000 r--p 00022000 08:01 24379568                   /lib/x86_64-linux-gnu/ld-2.19.so
7f2f20828000-7f2f20829000 rw-p 00023000 08:01 24379568                   /lib/x86_64-linux-gnu/ld-2.19.so
7f2f20829000-7f2f2082a000 rw-p 00000000 00:00 0 
7ffe171e6000-7ffe17207000 rw-p 00000000 00:00 0                          [stack]
7ffe172e2000-7ffe172e4000 r--p 00000000 00:00 0                          [vvar]
7ffe172e4000-7ffe172e6000 r-xp 00000000 00:00 0                          [vdso]
ffffffffff600000-ffffffffff601000 r-xp 00000000 00:00 0                  [vsyscall]

VM Arguments:
jvm_args: -Djava.awt.headless=true -Xmx1024M -Dfile.encoding=UTF-8 -Duser.country=BR -Duser.language=pt -Duser.variant 
java_command: com.android.dx.command.Main --dex --force-jumbo --num-threads=4 --multi-dex --output /home/thales/AndroidStudioProjects/compartmusic/app/build/intermediates/transforms/dex/debug/folders/1000/10/com.android.support-appcompat-v7-23.2.0_af99d6c55964c8db73f48b771612d5ffd1ef85a0 /home/thales/AndroidStudioProjects/compartmusic/app/build/intermediates/exploded-aar/com.android.support/appcompat-v7/23.2.0/jars/classes.jar
Launcher Type: SUN_STANDARD

Environment Variables:
JAVA_HOME=/usr/lib/jvm/java-7-oracle
PATH=/usr/local/sbin:/usr/local/bin:/usr/sbin:/usr/bin:/sbin:/bin:/usr/games:/usr/local/games
USERNAME=thales
LD_LIBRARY_PATH=/opt/android-studio/bin:
SHELL=/bin/bash
DISPLAY=:0

Signal Handlers:
SIGSEGV: [libjvm.so+0x9548f0], sa_mask[0]=0x7ffbfeff, sa_flags=0x10000004
SIGBUS: [libjvm.so+0x9548f0], sa_mask[0]=0x7ffbfeff, sa_flags=0x10000004
SIGFPE: [libjvm.so+0x7cb0b0], sa_mask[0]=0x7ffbfeff, sa_flags=0x10000004
SIGPIPE: [libjvm.so+0x7cb0b0], sa_mask[0]=0x7ffbfeff, sa_flags=0x10000004
SIGXFSZ: [libjvm.so+0x7cb0b0], sa_mask[0]=0x7ffbfeff, sa_flags=0x10000004
SIGILL: [libjvm.so+0x7cb0b0], sa_mask[0]=0x7ffbfeff, sa_flags=0x10000004
SIGUSR1: SIG_DFL, sa_mask[0]=0x00000000, sa_flags=0x00000000
SIGUSR2: [libjvm.so+0x7caf50], sa_mask[0]=0x00000004, sa_flags=0x10000004
SIGHUP: [libjvm.so+0x7cb130], sa_mask[0]=0x7ffbfeff, sa_flags=0x10000004
SIGINT: [libjvm.so+0x7cb130], sa_mask[0]=0x7ffbfeff, sa_flags=0x10000004
SIGTERM: [libjvm.so+0x7cb130], sa_mask[0]=0x7ffbfeff, sa_flags=0x10000004
SIGQUIT: [libjvm.so+0x7cb130], sa_mask[0]=0x7ffbfeff, sa_flags=0x10000004
SIGTRAP: SIG_DFL, sa_mask[0]=0x00000000, sa_flags=0x00000000


---------------  S Y S T E M  ---------------

OS:LinuxMint 17.3 (rosa)
uname:Linux 3.19.0-32-generic #37~14.04.1-Ubuntu SMP Thu Oct 22 09:41:40 UTC 2015 x86_64
libc:glibc 2.19 NPTL 2.19 
rlimit: STACK 8192k, CORE 0k, NPROC 15262, NOFILE 4096, AS infinity
load average:12,33 3,49 1,71

/proc/meminfo:
MemTotal:        3939244 kB
MemFree:           98144 kB
MemAvailable:      46712 kB
Buffers:             492 kB
Cached:           306376 kB
SwapCached:            0 kB
Active:          3392592 kB
Inactive:         278292 kB
Active(anon):    3377520 kB
Inactive(anon):   263196 kB
Active(file):      15072 kB
Inactive(file):    15096 kB
Unevictable:          40 kB
Mlocked:              40 kB
SwapTotal:             0 kB
SwapFree:              0 kB
Dirty:             13208 kB
Writeback:             0 kB
AnonPages:       3364796 kB
Mapped:           166252 kB
Shmem:            275960 kB
Slab:              69380 kB
SReclaimable:      35912 kB
SUnreclaim:        33468 kB
KernelStack:       10960 kB
PageTables:        36704 kB
NFS_Unstable:          0 kB
Bounce:                0 kB
WritebackTmp:          0 kB
CommitLimit:     1969620 kB
Committed_AS:    7603996 kB
VmallocTotal:   34359738367 kB
VmallocUsed:      347260 kB
VmallocChunk:   34359301488 kB
HardwareCorrupted:     0 kB
AnonHugePages:   1558528 kB
CmaTotal:              0 kB
CmaFree:               0 kB
HugePages_Total:       0
HugePages_Free:        0
HugePages_Rsvd:        0
HugePages_Surp:        0
Hugepagesize:       2048 kB
DirectMap4k:      176672 kB
DirectMap2M:     3909632 kB


CPU:total 4 (2 cores per cpu, 2 threads per core) family 6 model 58 stepping 9, cmov, cx8, fxsr, mmx, sse, sse2, sse3, ssse3, sse4.1, sse4.2, popcnt, avx, erms, ht, tsc, tscinvbit, tscinv

/proc/cpuinfo:
processor	: 0
vendor_id	: GenuineIntel
cpu family	: 6
model		: 58
model name	: Intel(R) Core(TM) i3-3217U CPU @ 1.80GHz
stepping	: 9
microcode	: 0x13
cpu MHz		: 1491.187
cache size	: 3072 KB
physical id	: 0
siblings	: 4
core id		: 0
cpu cores	: 2
apicid		: 0
initial apicid	: 0
fpu		: yes
fpu_exception	: yes
cpuid level	: 13
wp		: yes
flags		: fpu vme de pse tsc msr pae mce cx8 apic sep mtrr pge mca cmov pat pse36 clflush dts acpi mmx fxsr sse sse2 ss ht tm pbe syscall nx rdtscp lm constant_tsc arch_perfmon pebs bts rep_good nopl xtopology nonstop_tsc aperfmperf eagerfpu pni pclmulqdq dtes64 monitor ds_cpl vmx est tm2 ssse3 cx16 xtpr pdcm pcid sse4_1 sse4_2 x2apic popcnt tsc_deadline_timer xsave avx f16c lahf_lm ida arat epb pln pts dtherm tpr_shadow vnmi flexpriority ept vpid fsgsbase smep erms xsaveopt
bugs		:
bogomips	: 3592.10
clflush size	: 64
cache_alignment	: 64
address sizes	: 36 bits physical, 48 bits virtual
power management:

processor	: 1
vendor_id	: GenuineIntel
cpu family	: 6
model		: 58
model name	: Intel(R) Core(TM) i3-3217U CPU @ 1.80GHz
stepping	: 9
microcode	: 0x13
cpu MHz		: 1730.179
cache size	: 3072 KB
physical id	: 0
siblings	: 4
core id		: 1
cpu cores	: 2
apicid		: 2
initial apicid	: 2
fpu		: yes
fpu_exception	: yes
cpuid level	: 13
wp		: yes
flags		: fpu vme de pse tsc msr pae mce cx8 apic sep mtrr pge mca cmov pat pse36 clflush dts acpi mmx fxsr sse sse2 ss ht tm pbe syscall nx rdtscp lm constant_tsc arch_perfmon pebs bts rep_good nopl xtopology nonstop_tsc aperfmperf eagerfpu pni pclmulqdq dtes64 monitor ds_cpl vmx est tm2 ssse3 cx16 xtpr pdcm pcid sse4_1 sse4_2 x2apic popcnt tsc_deadline_timer xsave avx f16c lahf_lm ida arat epb pln pts dtherm tpr_shadow vnmi flexpriority ept vpid fsgsbase smep erms xsaveopt
bugs		:
bogomips	: 3592.10
clflush size	: 64
cache_alignment	: 64
address sizes	: 36 bits physical, 48 bits virtual
power management:

processor	: 2
vendor_id	: GenuineIntel
cpu family	: 6
model		: 58
model name	: Intel(R) Core(TM) i3-3217U CPU @ 1.80GHz
stepping	: 9
microcode	: 0x13
cpu MHz		: 933.046
cache size	: 3072 KB
physical id	: 0
siblings	: 4
core id		: 0
cpu cores	: 2
apicid		: 1
initial apicid	: 1
fpu		: yes
fpu_exception	: yes
cpuid level	: 13
wp		: yes
flags		: fpu vme de pse tsc msr pae mce cx8 apic sep mtrr pge mca cmov pat pse36 clflush dts acpi mmx fxsr sse sse2 ss ht tm pbe syscall nx rdtscp lm constant_tsc arch_perfmon pebs bts rep_good nopl xtopology nonstop_tsc aperfmperf eagerfpu pni pclmulqdq dtes64 monitor ds_cpl vmx est tm2 ssse3 cx16 xtpr pdcm pcid sse4_1 sse4_2 x2apic popcnt tsc_deadline_timer xsave avx f16c lahf_lm ida arat epb pln pts dtherm tpr_shadow vnmi flexpriority ept vpid fsgsbase smep erms xsaveopt
bugs		:
bogomips	: 3592.10
clflush size	: 64
cache_alignment	: 64
address sizes	: 36 bits physical, 48 bits virtual
power management:

processor	: 3
vendor_id	: GenuineIntel
cpu family	: 6
model		: 58
model name	: Intel(R) Core(TM) i3-3217U CPU @ 1.80GHz
stepping	: 9
microcode	: 0x13
cpu MHz		: 1082.812
cache size	: 3072 KB
physical id	: 0
siblings	: 4
core id		: 1
cpu cores	: 2
apicid		: 3
initial apicid	: 3
fpu		: yes
fpu_exception	: yes
cpuid level	: 13
wp		: yes
flags		: fpu vme de pse tsc msr pae mce cx8 apic sep mtrr pge mca cmov pat pse36 clflush dts acpi mmx fxsr sse sse2 ss ht tm pbe syscall nx rdtscp lm constant_tsc arch_perfmon pebs bts rep_good nopl xtopology nonstop_tsc aperfmperf eagerfpu pni pclmulqdq dtes64 monitor ds_cpl vmx est tm2 ssse3 cx16 xtpr pdcm pcid sse4_1 sse4_2 x2apic popcnt tsc_deadline_timer xsave avx f16c lahf_lm ida arat epb pln pts dtherm tpr_shadow vnmi flexpriority ept vpid fsgsbase smep erms xsaveopt
bugs		:
bogomips	: 3592.10
clflush size	: 64
cache_alignment	: 64
address sizes	: 36 bits physical, 48 bits virtual
power management:



Memory: 4k page, physical 3939244k(98144k free), swap 0k(0k free)

vm_info: OpenJDK 64-Bit Server VM (24.95-b01) for linux-amd64 JRE (1.7.0_95-b00), built on Mar 24 2016 06:13:32 by "buildd" with gcc 4.8.2

time: Thu May  5 05:43:43 2016
elapsed time: 32 seconds

